{"/Users/razine/workspace/NavConcordia/constants/CampusMarkers.tsx": {"path":"/Users/razine/workspace/NavConcordia/constants/CampusMarkers.tsx","statementMap":{"0":{"start":{"line":1,"column":16},"end":{"line":494,"column":1}}},"fnMap":{},"branchMap":{},"s":{"0":1},"f":{},"b":{},"_coverageSchema":"1a1c01bbd47fc00a2c39e90264f33305004495a9","hash":"fe4c85ddc994e7a681fdabbad1c2d4f60e7b0c94"}
,"/Users/razine/workspace/NavConcordia/constants/CampusPolygons.tsx": {"path":"/Users/razine/workspace/NavConcordia/constants/CampusPolygons.tsx","statementMap":{"0":{"start":{"line":1,"column":25},"end":{"line":166,"column":1}}},"fnMap":{},"branchMap":{},"s":{"0":1},"f":{},"b":{},"_coverageSchema":"1a1c01bbd47fc00a2c39e90264f33305004495a9","hash":"183b27d41c5826c7333e978fdf2644a5a7384829"}
}
