{"/Users/razine/workspace/NavConcordia/classes/campus.ts": {"path":"/Users/razine/workspace/NavConcordia/classes/campus.ts","statementMap":{"0":{"start":{"line":8,"column":4},"end":{"line":8,"column":32}},"1":{"start":{"line":10,"column":4},"end":{"line":10,"column":35}},"2":{"start":{"line":14,"column":4},"end":{"line":14,"column":28}},"3":{"start":{"line":18,"column":4},"end":{"line":18,"column":38}}},"fnMap":{"0":{"name":"(anonymous_0)","decl":{"start":{"line":7,"column":2},"end":{"line":7,"column":3}},"loc":{"start":{"line":7,"column":75},"end":{"line":11,"column":3}},"line":7},"1":{"name":"(anonymous_1)","decl":{"start":{"line":13,"column":2},"end":{"line":13,"column":3}},"loc":{"start":{"line":13,"column":19},"end":{"line":15,"column":3}},"line":13},"2":{"name":"(anonymous_2)","decl":{"start":{"line":17,"column":2},"end":{"line":17,"column":3}},"loc":{"start":{"line":17,"column":41},"end":{"line":19,"column":3}},"line":17}},"branchMap":{},"s":{"0":2,"1":2,"2":0,"3":0},"f":{"0":2,"1":0,"2":0},"b":{},"_coverageSchema":"1a1c01bbd47fc00a2c39e90264f33305004495a9","hash":"f4f9180cc7a5310c87954fa3bbe7b44aed578b03"}
,"/Users/razine/workspace/NavConcordia/classes/location.ts": {"path":"/Users/razine/workspace/NavConcordia/classes/location.ts","statementMap":{"0":{"start":{"line":7,"column":4},"end":{"line":7,"column":29}},"1":{"start":{"line":8,"column":4},"end":{"line":8,"column":31}},"2":{"start":{"line":12,"column":4},"end":{"line":12,"column":26}},"3":{"start":{"line":16,"column":4},"end":{"line":16,"column":25}},"4":{"start":{"line":20,"column":4},"end":{"line":20,"column":34}},"5":{"start":{"line":24,"column":4},"end":{"line":24,"column":32}}},"fnMap":{"0":{"name":"(anonymous_0)","decl":{"start":{"line":6,"column":2},"end":{"line":6,"column":3}},"loc":{"start":{"line":6,"column":51},"end":{"line":9,"column":3}},"line":6},"1":{"name":"(anonymous_1)","decl":{"start":{"line":11,"column":2},"end":{"line":11,"column":3}},"loc":{"start":{"line":11,"column":17},"end":{"line":13,"column":3}},"line":11},"2":{"name":"(anonymous_2)","decl":{"start":{"line":15,"column":2},"end":{"line":15,"column":3}},"loc":{"start":{"line":15,"column":16},"end":{"line":17,"column":3}},"line":15},"3":{"name":"(anonymous_3)","decl":{"start":{"line":19,"column":2},"end":{"line":19,"column":3}},"loc":{"start":{"line":19,"column":37},"end":{"line":21,"column":3}},"line":19},"4":{"name":"(anonymous_4)","decl":{"start":{"line":23,"column":2},"end":{"line":23,"column":3}},"loc":{"start":{"line":23,"column":35},"end":{"line":25,"column":3}},"line":23}},"branchMap":{},"s":{"0":2,"1":2,"2":0,"3":0,"4":0,"5":0},"f":{"0":2,"1":0,"2":0,"3":0,"4":0},"b":{},"_coverageSchema":"1a1c01bbd47fc00a2c39e90264f33305004495a9","hash":"42149bb1d96cc6e9f97747fda32801aa1ca4aba4"}
,"/Users/razine/workspace/NavConcordia/classes/outdoorPOI.ts": {"path":"/Users/razine/workspace/NavConcordia/classes/outdoorPOI.ts","statementMap":{"0":{"start":{"line":8,"column":4},"end":{"line":8,"column":22}},"1":{"start":{"line":10,"column":4},"end":{"line":10,"column":29}},"2":{"start":{"line":14,"column":4},"end":{"line":14,"column":25}},"3":{"start":{"line":18,"column":4},"end":{"line":18,"column":32}}},"fnMap":{"0":{"name":"(anonymous_0)","decl":{"start":{"line":7,"column":2},"end":{"line":7,"column":3}},"loc":{"start":{"line":7,"column":54},"end":{"line":11,"column":3}},"line":7},"1":{"name":"(anonymous_1)","decl":{"start":{"line":13,"column":2},"end":{"line":13,"column":3}},"loc":{"start":{"line":13,"column":16},"end":{"line":15,"column":3}},"line":13},"2":{"name":"(anonymous_2)","decl":{"start":{"line":17,"column":2},"end":{"line":17,"column":3}},"loc":{"start":{"line":17,"column":37},"end":{"line":19,"column":3}},"line":17}},"branchMap":{},"s":{"0":2,"1":2,"2":0,"3":0},"f":{"0":2,"1":0,"2":0},"b":{},"_coverageSchema":"1a1c01bbd47fc00a2c39e90264f33305004495a9","hash":"f666e906e26d8478b5d372804c8dc2120bbde710"}
,"/Users/razine/workspace/NavConcordia/classes/pointOfInterest.ts": {"path":"/Users/razine/workspace/NavConcordia/classes/pointOfInterest.ts","statementMap":{"0":{"start":{"line":5,"column":4},"end":{"line":5,"column":33}},"1":{"start":{"line":9,"column":4},"end":{"line":9,"column":27}},"2":{"start":{"line":13,"column":4},"end":{"line":13,"column":36}}},"fnMap":{"0":{"name":"(anonymous_0)","decl":{"start":{"line":4,"column":2},"end":{"line":4,"column":3}},"loc":{"start":{"line":4,"column":34},"end":{"line":6,"column":3}},"line":4},"1":{"name":"(anonymous_1)","decl":{"start":{"line":8,"column":2},"end":{"line":8,"column":3}},"loc":{"start":{"line":8,"column":18},"end":{"line":10,"column":3}},"line":8},"2":{"name":"(anonymous_2)","decl":{"start":{"line":12,"column":2},"end":{"line":12,"column":3}},"loc":{"start":{"line":12,"column":38},"end":{"line":14,"column":3}},"line":12}},"branchMap":{},"s":{"0":2,"1":0,"2":0},"f":{"0":2,"1":0,"2":0},"b":{},"_coverageSchema":"1a1c01bbd47fc00a2c39e90264f33305004495a9","hash":"51c391d58b300fd3f1d676d314daf88c13a59947"}
,"/Users/razine/workspace/NavConcordia/components/CampusToggleButton.tsx": {"path":"/Users/razine/workspace/NavConcordia/components/CampusToggleButton.tsx","statementMap":{"0":{"start":{"line":7,"column":15},"end":{"line":23,"column":2}},"1":{"start":{"line":30,"column":4},"end":{"line":30,"column":17}},"2":{"start":{"line":32,"column":4},"end":{"line":34,"column":6}},"3":{"start":{"line":38,"column":34},"end":{"line":38,"column":44}},"4":{"start":{"line":39,"column":4},"end":{"line":44,"column":6}},"5":{"start":{"line":48,"column":31},"end":{"line":48,"column":41}},"6":{"start":{"line":49,"column":34},"end":{"line":49,"column":44}},"7":{"start":{"line":50,"column":4},"end":{"line":62,"column":5}},"8":{"start":{"line":54,"column":6},"end":{"line":54,"column":83}},"9":{"start":{"line":55,"column":6},"end":{"line":55,"column":59}},"10":{"start":{"line":56,"column":11},"end":{"line":62,"column":5}},"11":{"start":{"line":60,"column":6},"end":{"line":60,"column":80}},"12":{"start":{"line":61,"column":6},"end":{"line":61,"column":56}},"13":{"start":{"line":66,"column":4},"end":{"line":86,"column":6}},"14":{"start":{"line":70,"column":25},"end":{"line":70,"column":83}},"15":{"start":{"line":79,"column":25},"end":{"line":79,"column":86}}},"fnMap":{"0":{"name":"(anonymous_0)","decl":{"start":{"line":29,"column":2},"end":{"line":29,"column":3}},"loc":{"start":{"line":29,"column":21},"end":{"line":35,"column":3}},"line":29},"1":{"name":"(anonymous_1)","decl":{"start":{"line":37,"column":2},"end":{"line":37,"column":3}},"loc":{"start":{"line":37,"column":32},"end":{"line":45,"column":3}},"line":37},"2":{"name":"(anonymous_2)","decl":{"start":{"line":47,"column":2},"end":{"line":47,"column":3}},"loc":{"start":{"line":47,"column":35},"end":{"line":63,"column":3}},"line":47},"3":{"name":"(anonymous_3)","decl":{"start":{"line":65,"column":2},"end":{"line":65,"column":3}},"loc":{"start":{"line":65,"column":11},"end":{"line":87,"column":3}},"line":65},"4":{"name":"(anonymous_4)","decl":{"start":{"line":70,"column":19},"end":{"line":70,"column":20}},"loc":{"start":{"line":70,"column":25},"end":{"line":70,"column":83}},"line":70},"5":{"name":"(anonymous_5)","decl":{"start":{"line":79,"column":19},"end":{"line":79,"column":20}},"loc":{"start":{"line":79,"column":25},"end":{"line":79,"column":86}},"line":79}},"branchMap":{"0":{"loc":{"start":{"line":40,"column":23},"end":{"line":40,"column":95}},"type":"cond-expr","locations":[{"start":{"line":40,"column":62},"end":{"line":40,"column":81}},{"start":{"line":40,"column":84},"end":{"line":40,"column":95}}],"line":40},"1":{"loc":{"start":{"line":41,"column":15},"end":{"line":41,"column":61}},"type":"cond-expr","locations":[{"start":{"line":41,"column":54},"end":{"line":41,"column":55}},{"start":{"line":41,"column":58},"end":{"line":41,"column":61}}],"line":41},"2":{"loc":{"start":{"line":50,"column":4},"end":{"line":62,"column":5}},"type":"if","locations":[{"start":{"line":50,"column":4},"end":{"line":62,"column":5}},{"start":{"line":50,"column":4},"end":{"line":62,"column":5}}],"line":50},"3":{"loc":{"start":{"line":51,"column":6},"end":{"line":52,"column":60}},"type":"binary-expr","locations":[{"start":{"line":51,"column":6},"end":{"line":51,"column":63}},{"start":{"line":52,"column":6},"end":{"line":52,"column":60}}],"line":51},"4":{"loc":{"start":{"line":56,"column":11},"end":{"line":62,"column":5}},"type":"if","locations":[{"start":{"line":56,"column":11},"end":{"line":62,"column":5}},{"start":{"line":56,"column":11},"end":{"line":62,"column":5}}],"line":56},"5":{"loc":{"start":{"line":57,"column":6},"end":{"line":58,"column":63}},"type":"binary-expr","locations":[{"start":{"line":57,"column":6},"end":{"line":57,"column":66}},{"start":{"line":58,"column":6},"end":{"line":58,"column":63}}],"line":57}},"s":{"0":1,"1":0,"2":0,"3":0,"4":0,"5":0,"6":0,"7":0,"8":0,"9":0,"10":0,"11":0,"12":0,"13":0,"14":0,"15":0},"f":{"0":0,"1":0,"2":0,"3":0,"4":0,"5":0},"b":{"0":[0,0],"1":[0,0],"2":[0,0],"3":[0,0],"4":[0,0],"5":[0,0]},"_coverageSchema":"1a1c01bbd47fc00a2c39e90264f33305004495a9","hash":"1ffd449523fd4c93f72695ac66baa656e73ca230"}
,"/Users/razine/workspace/NavConcordia/components/SearchBar.tsx": {"path":"/Users/razine/workspace/NavConcordia/components/SearchBar.tsx","statementMap":{"0":{"start":{"line":7,"column":15},"end":{"line":41,"column":2}},"1":{"start":{"line":54,"column":8},"end":{"line":54,"column":21}},"2":{"start":{"line":55,"column":8},"end":{"line":58,"column":10}},"3":{"start":{"line":61,"column":21},"end":{"line":64,"column":5}},"4":{"start":{"line":62,"column":35},"end":{"line":62,"column":45}},"5":{"start":{"line":63,"column":8},"end":{"line":63,"column":47}},"6":{"start":{"line":66,"column":7},"end":{"line":117,"column":9}},"7":{"start":{"line":77,"column":45},"end":{"line":77,"column":60}},"8":{"start":{"line":79,"column":23},"end":{"line":79,"column":105}},"9":{"start":{"line":80,"column":23},"end":{"line":80,"column":50}},"10":{"start":{"line":82,"column":42},"end":{"line":82,"column":44}}},"fnMap":{"0":{"name":"(anonymous_0)","decl":{"start":{"line":53,"column":4},"end":{"line":53,"column":5}},"loc":{"start":{"line":53,"column":23},"end":{"line":59,"column":5}},"line":53},"1":{"name":"(anonymous_1)","decl":{"start":{"line":61,"column":21},"end":{"line":61,"column":22}},"loc":{"start":{"line":61,"column":35},"end":{"line":64,"column":5}},"line":61},"2":{"name":"(anonymous_2)","decl":{"start":{"line":65,"column":3},"end":{"line":65,"column":4}},"loc":{"start":{"line":65,"column":11},"end":{"line":118,"column":4}},"line":65},"3":{"name":"(anonymous_3)","decl":{"start":{"line":77,"column":38},"end":{"line":77,"column":39}},"loc":{"start":{"line":77,"column":45},"end":{"line":77,"column":60}},"line":77},"4":{"name":"(anonymous_4)","decl":{"start":{"line":78,"column":28},"end":{"line":78,"column":29}},"loc":{"start":{"line":78,"column":54},"end":{"line":81,"column":20}},"line":78},"5":{"name":"(anonymous_5)","decl":{"start":{"line":82,"column":36},"end":{"line":82,"column":37}},"loc":{"start":{"line":82,"column":42},"end":{"line":82,"column":44}},"line":82}},"branchMap":{"0":{"loc":{"start":{"line":78,"column":35},"end":{"line":78,"column":49}},"type":"default-arg","locations":[{"start":{"line":78,"column":45},"end":{"line":78,"column":49}}],"line":78}},"s":{"0":1,"1":1,"2":1,"3":1,"4":0,"5":0,"6":2,"7":0,"8":0,"9":0,"10":0},"f":{"0":1,"1":0,"2":2,"3":0,"4":0,"5":0},"b":{"0":[0]},"_coverageSchema":"1a1c01bbd47fc00a2c39e90264f33305004495a9","hash":"e6c654ebc257eda047b6d9a6e09128350593156c"}
,"/Users/razine/workspace/NavConcordia/constants/CampusLocations.tsx": {"path":"/Users/razine/workspace/NavConcordia/constants/CampusLocations.tsx","statementMap":{},"fnMap":{},"branchMap":{},"s":{},"f":{},"b":{},"_coverageSchema":"1a1c01bbd47fc00a2c39e90264f33305004495a9","hash":"476cba512a184fd11b224ea8059b9f81ce73be7b"}
,"/Users/razine/workspace/NavConcordia/constants/Colors.tsx": {"path":"/Users/razine/workspace/NavConcordia/constants/Colors.tsx","statementMap":{"0":{"start":{"line":1,"column":18},"end":{"line":1,"column":27}}},"fnMap":{},"branchMap":{},"s":{"0":1},"f":{},"b":{},"_coverageSchema":"1a1c01bbd47fc00a2c39e90264f33305004495a9","hash":"df5b778831a229410971557b0f552a036bc826f0"}
}
